c:\users\wally\desktop\adaptive_window_stereo_matching\adaptive_window_stereo_matching\release\adaptive_window_stereo_matching.pch
c:\users\wally\desktop\adaptive_window_stereo_matching\adaptive_window_stereo_matching\release\vc120.pdb
c:\users\wally\desktop\adaptive_window_stereo_matching\adaptive_window_stereo_matching\release\stdafx.obj
c:\users\wally\desktop\adaptive_window_stereo_matching\adaptive_window_stereo_matching\release\assemblyinfo.obj
c:\users\wally\desktop\adaptive_window_stereo_matching\adaptive_window_stereo_matching\release\adaptive_window_stereo_matching.obj
c:\users\wally\desktop\adaptive_window_stereo_matching\adaptive_window_stereo_matching\release\.netframework,version=v4.5.assemblyattributes.obj
c:\users\wally\desktop\adaptive_window_stereo_matching\release\adaptive_window_stereo_matching.exe
c:\users\wally\desktop\adaptive_window_stereo_matching\release\adaptive_window_stereo_matching.pdb
c:\users\wally\desktop\adaptive_window_stereo_matching\adaptive_window_stereo_matching\release\app.res
c:\users\wally\desktop\adaptive_window_stereo_matching\adaptive_window_stereo_matching\release\adaptive_window_stereo_matching.vcxprojresolveassemblyreference.cache
c:\users\wally\desktop\adaptive_window_stereo_matching\adaptive_window_stereo_matching\release\adaptive.61a1e426.tlog\cl.command.1.tlog
c:\users\wally\desktop\adaptive_window_stereo_matching\adaptive_window_stereo_matching\release\adaptive.61a1e426.tlog\cl.read.1.tlog
c:\users\wally\desktop\adaptive_window_stereo_matching\adaptive_window_stereo_matching\release\adaptive.61a1e426.tlog\cl.write.1.tlog
c:\users\wally\desktop\adaptive_window_stereo_matching\adaptive_window_stereo_matching\release\adaptive.61a1e426.tlog\link.command.1.tlog
c:\users\wally\desktop\adaptive_window_stereo_matching\adaptive_window_stereo_matching\release\adaptive.61a1e426.tlog\link.read.1.tlog
c:\users\wally\desktop\adaptive_window_stereo_matching\adaptive_window_stereo_matching\release\adaptive.61a1e426.tlog\link.write.1.tlog
c:\users\wally\desktop\adaptive_window_stereo_matching\adaptive_window_stereo_matching\release\adaptive.61a1e426.tlog\metagen.read.1.tlog
c:\users\wally\desktop\adaptive_window_stereo_matching\adaptive_window_stereo_matching\release\adaptive.61a1e426.tlog\metagen.write.1.tlog
c:\users\wally\desktop\adaptive_window_stereo_matching\adaptive_window_stereo_matching\release\adaptive.61a1e426.tlog\rc.command.1.tlog
c:\users\wally\desktop\adaptive_window_stereo_matching\adaptive_window_stereo_matching\release\adaptive.61a1e426.tlog\rc.read.1.tlog
c:\users\wally\desktop\adaptive_window_stereo_matching\adaptive_window_stereo_matching\release\adaptive.61a1e426.tlog\rc.write.1.tlog
c:\users\wally\desktop\adaptive_window_stereo_matching\adaptive_window_stereo_matching\release\adaptive.61a1e426.tlog\rsaenh.dll.bi
c:\users\wally\desktop\adaptive_window_stereo_matching\adaptive_window_stereo_matching\release\adaptive.61a1e426.tlog\tzres.dll.bi
